<?xml version="1.0" encoding="UTF-8"?>
<Site BuildName="(empty)"
	BuildStamp="20250505-1439-Experimental"
	Name="divya-Inspiron-15-3511"
	Generator="ctest-3.22.1"
	CompilerName="/usr/bin/c++"
	CompilerVersion="11.4.0"
	OSName="Linux"
	Hostname="divya-Inspiron-15-3511"
	OSRelease="6.8.0-58-generic"
	OSVersion="#60~22.04.1-Ubuntu SMP PREEMPT_DYNAMIC Fri Mar 28 16:09:21 UTC 2"
	OSPlatform="x86_64"
	Is64Bits="1"
	VendorString="GenuineIntel"
	VendorID="Intel Corporation"
	FamilyID="6"
	ModelID="140"
	ProcessorCacheSize="12288"
	NumberOfLogicalCPU="8"
	NumberOfPhysicalCPU="4"
	TotalVirtualMemory="0"
	TotalPhysicalMemory="7685"
	LogicalProcessorsPerPhysical="2"
	ProcessorClockFrequency="2800"
	>
	<Testing>
		<StartDateTime>May 05 20:09 IST</StartDateTime>
		<StartTestTime>1746455970</StartTestTime>
		<TestList/>
		<EndDateTime>May 05 20:09 IST</EndDateTime>
		<EndTestTime>1746455970</EndTestTime>
		<ElapsedMinutes>0</ElapsedMinutes>
	</Testing>
</Site>
